\BOOKMARK [1][-]{section.1}{Introduction}{}% 1
\BOOKMARK [1][-]{section.2}{Literature Review}{}% 2
\BOOKMARK [2][-]{subsection.2.1}{Message Ordering and Group Communication}{section.2}% 3
\BOOKMARK [3][-]{subsubsection.2.1.1}{Arbitrary Order}{subsection.2.1}% 4
\BOOKMARK [3][-]{subsubsection.2.1.2}{FIFO Order}{subsection.2.1}% 5
\BOOKMARK [3][-]{subsubsection.2.1.3}{Causal Ordering}{subsection.2.1}% 6
\BOOKMARK [2][-]{subsection.2.2}{Distributed Mutual Exclusion Algorithms}{section.2}% 7
\BOOKMARK [3][-]{subsubsection.2.2.1}{Lamport's algorithm}{subsection.2.2}% 8
\BOOKMARK [1][-]{section.3}{Methodology}{}% 9
\BOOKMARK [2][-]{subsection.3.1}{System Model}{section.3}% 10
\BOOKMARK [2][-]{subsection.3.2}{Development Environment}{section.3}% 11
\BOOKMARK [2][-]{subsection.3.3}{Creating FIFO Ordered Channel}{section.3}% 12
\BOOKMARK [2][-]{subsection.3.4}{Creating Arbitrary Ordered Channel}{section.3}% 13
\BOOKMARK [2][-]{subsection.3.5}{Implementing Lamport's Algorithm}{section.3}% 14
\BOOKMARK [2][-]{subsection.3.6}{Testing}{section.3}% 15
\BOOKMARK [1][-]{section.4}{Experimentation and Results}{}% 16
\BOOKMARK [2][-]{subsection.4.1}{Testing the Message Ordering}{section.4}% 17
\BOOKMARK [2][-]{subsection.4.2}{Testing Mutual Exclusion Algorithm}{section.4}% 18
\BOOKMARK [2][-]{subsection.4.3}{Impact of Channel on Mutual Exclusion Algorithm}{section.4}% 19
\BOOKMARK [3][-]{subsubsection.4.3.1}{Correctness}{subsection.4.3}% 20
\BOOKMARK [3][-]{subsubsection.4.3.2}{Number of Messages}{subsection.4.3}% 21
\BOOKMARK [3][-]{subsubsection.4.3.3}{Algorithmic Runtime}{subsection.4.3}% 22
\BOOKMARK [1][-]{section.5}{Conclusion}{}% 23
\BOOKMARK [1][-]{section.6}{Future Scope}{}% 24
